autoscan: warning: missing AC_CHECK_FUNCS([memset]) wanted by: 
	src/vdrw.c:47
	src/vdrw.c:366
	src/vdrw.c:393
autoscan: warning: missing AC_FUNC_MALLOC wanted by: 
	src/common.c:95
	src/common.c:147
	src/common.c:193
	src/common.c:236
	src/mat2utfimg.c:46
	src/vdrw.c:162
	src/vdrw.c:295
autoscan: warning: missing AC_PROG_CXX wanted by: 
	config/ltmain.sh:184
	config/ltmain.sh:195
	config/ltmain.sh:195
	config/ltmain.sh:195
	config/ltmain.sh:195
	config/ltmain.sh:204
	config/ltmain.sh:214
	config/ltmain.sh:214
	config/ltmain.sh:214
	config/ltmain.sh:214
	config/ltmain.sh:274
autoscan: warning: missing AC_PROG_RANLIB wanted by: 
	config/ltmain.sh:6371
