This file contains any messages produced by compilers while
running configure, to aid debugging if configure makes a mistake.

It was created by sivp configure cvs, which was
generated by GNU Autoconf 2.59.  Invocation command line was

  $ ./configure 

## --------- ##
## Platform. ##
## --------- ##

hostname = sqyu-linux
uname -m = i686
uname -r = 2.6.8-1-686
uname -s = Linux
uname -v = #1 Thu Nov 25 04:34:30 UTC 2004

/usr/bin/uname -p = unknown
/bin/uname -X     = unknown

/bin/arch              = i686
/usr/bin/arch -k       = unknown
/usr/convex/getsysinfo = unknown
hostinfo               = unknown
/bin/machine           = unknown
/usr/bin/oslevel       = unknown
/bin/universe          = unknown

PATH: /sbin
PATH: /bin
PATH: /usr/sbin
PATH: /usr/bin
PATH: /usr/X11R6/bin
PATH: /usr/local/sbin
PATH: /usr/local/bin
PATH: /usr/games
PATH: .


## ----------- ##
## Core tests. ##
## ----------- ##

configure:1572: checking for a BSD-compatible install
configure:1627: result: /usr/bin/install -c
configure:1638: checking whether build environment is sane
configure:1681: result: yes
configure:1696: checking whether make sets $(MAKE)
configure:1716: result: yes
configure:1748: checking for working aclocal-1.4
configure:1755: result: found
configure:1763: checking for working autoconf
configure:1770: result: found
configure:1778: checking for working automake-1.4
configure:1785: result: found
configure:1793: checking for working autoheader
configure:1800: result: found
configure:1808: checking for working makeinfo
configure:1815: result: found
configure:1872: checking for gcc
configure:1888: found /usr/bin/gcc
configure:1898: result: gcc
configure:2142: checking for C compiler version
configure:2145: gcc --version </dev/null >&5
gcc (GCC) 3.3.6 (Debian 1:3.3.6-5)
Copyright (C) 2003 Free Software Foundation, Inc.
This is free software; see the source for copying conditions.  There is NO
warranty; not even for MERCHANTABILITY or FITNESS FOR A PARTICULAR PURPOSE.

configure:2148: $? = 0
configure:2150: gcc -v </dev/null >&5
Reading specs from /usr/lib/gcc-lib/i486-linux/3.3.6/specs
Configured with: ../src/configure -v --enable-languages=c,c++,java,f77,pascal,objc,ada,treelang --prefix=/usr --mandir=/usr/share/man --infodir=/usr/share/info --with-gxx-include-dir=/usr/include/c++/3.3 --enable-shared --enable-__cxa_atexit --with-system-zlib --enable-nls --without-included-gettext --enable-clocale=gnu --enable-debug --enable-java-gc=boehm --enable-java-awt=xlib --enable-objc-gc i486-linux
Thread model: posix
gcc version 3.3.6 (Debian 1:3.3.6-5)
configure:2153: $? = 0
configure:2155: gcc -V </dev/null >&5
gcc: `-V' option must have argument
configure:2158: $? = 1
configure:2181: checking for C compiler default output file name
configure:2184: gcc    conftest.c  >&5
configure:2187: $? = 0
configure:2233: result: a.out
configure:2238: checking whether the C compiler works
configure:2244: ./a.out
configure:2247: $? = 0
configure:2264: result: yes
configure:2271: checking whether we are cross compiling
configure:2273: result: no
configure:2276: checking for suffix of executables
configure:2278: gcc -o conftest    conftest.c  >&5
configure:2281: $? = 0
configure:2306: result: 
configure:2312: checking for suffix of object files
configure:2333: gcc -c   conftest.c >&5
configure:2336: $? = 0
configure:2358: result: o
configure:2362: checking whether we are using the GNU C compiler
configure:2386: gcc -c   conftest.c >&5
configure:2392: $? = 0
configure:2395: test -z 			 || test ! -s conftest.err
configure:2398: $? = 0
configure:2401: test -s conftest.o
configure:2404: $? = 0
configure:2417: result: yes
configure:2423: checking whether gcc accepts -g
configure:2444: gcc -c -g  conftest.c >&5
configure:2450: $? = 0
configure:2453: test -z 			 || test ! -s conftest.err
configure:2456: $? = 0
configure:2459: test -s conftest.o
configure:2462: $? = 0
configure:2473: result: yes
configure:2490: checking for gcc option to accept ANSI C
configure:2560: gcc  -c -g -O2  conftest.c >&5
configure:2566: $? = 0
configure:2569: test -z 			 || test ! -s conftest.err
configure:2572: $? = 0
configure:2575: test -s conftest.o
configure:2578: $? = 0
configure:2596: result: none needed
configure:2614: gcc -c -g -O2  conftest.c >&5
conftest.c:2: error: syntax error before "me"
configure:2620: $? = 1
configure: failed program was:
| #ifndef __cplusplus
|   choke me
| #endif
configure:2832: checking build system type
configure:2850: result: i686-pc-linux-gnu
configure:2858: checking host system type
configure:2872: result: i686-pc-linux-gnu
configure:2880: checking for a sed that does not truncate output
configure:2934: result: /bin/sed
configure:2937: checking for egrep
configure:2947: result: grep -E
configure:2963: checking for ld used by gcc
configure:3030: result: /usr/bin/ld
configure:3039: checking if the linker (/usr/bin/ld) is GNU ld
configure:3054: result: yes
configure:3059: checking for /usr/bin/ld option to reload object files
configure:3066: result: -r
configure:3075: checking for BSD-compatible nm
configure:3117: result: /usr/bin/nm -B
configure:3121: checking whether ln -s works
configure:3125: result: yes
configure:3132: checking how to recognise dependent libraries
configure:3306: result: pass_all
configure:3761: checking how to run the C preprocessor
configure:3796: gcc -E  conftest.c
configure:3802: $? = 0
configure:3834: gcc -E  conftest.c
conftest.c:11:28: ac_nonexistent.h: No such file or directory
configure:3840: $? = 1
configure: failed program was:
| /* confdefs.h.  */
| 
| #define PACKAGE_NAME "sivp"
| #define PACKAGE_TARNAME "sivp"
| #define PACKAGE_VERSION "cvs"
| #define PACKAGE_STRING "sivp cvs"
| #define PACKAGE_BUGREPORT "https://sourceforge.net/tracker/?group_id=134898&atid=731349"
| #define PACKAGE "sivp"
| #define VERSION "cvs"
| /* end confdefs.h.  */
| #include <ac_nonexistent.h>
configure:3879: result: gcc -E
configure:3903: gcc -E  conftest.c
configure:3909: $? = 0
configure:3941: gcc -E  conftest.c
conftest.c:11:28: ac_nonexistent.h: No such file or directory
configure:3947: $? = 1
configure: failed program was:
| /* confdefs.h.  */
| 
| #define PACKAGE_NAME "sivp"
| #define PACKAGE_TARNAME "sivp"
| #define PACKAGE_VERSION "cvs"
| #define PACKAGE_STRING "sivp cvs"
| #define PACKAGE_BUGREPORT "https://sourceforge.net/tracker/?group_id=134898&atid=731349"
| #define PACKAGE "sivp"
| #define VERSION "cvs"
| /* end confdefs.h.  */
| #include <ac_nonexistent.h>
configure:3991: checking for ANSI C header files
configure:4016: gcc -c -g -O2  conftest.c >&5
configure:4022: $? = 0
configure:4025: test -z 			 || test ! -s conftest.err
configure:4028: $? = 0
configure:4031: test -s conftest.o
configure:4034: $? = 0
configure:4123: gcc -o conftest -g -O2   conftest.c  >&5
configure:4126: $? = 0
configure:4128: ./conftest
configure:4131: $? = 0
configure:4146: result: yes
configure:4170: checking for sys/types.h
configure:4186: gcc -c -g -O2  conftest.c >&5
configure:4192: $? = 0
configure:4195: test -z 			 || test ! -s conftest.err
configure:4198: $? = 0
configure:4201: test -s conftest.o
configure:4204: $? = 0
configure:4215: result: yes
configure:4170: checking for sys/stat.h
configure:4186: gcc -c -g -O2  conftest.c >&5
configure:4192: $? = 0
configure:4195: test -z 			 || test ! -s conftest.err
configure:4198: $? = 0
configure:4201: test -s conftest.o
configure:4204: $? = 0
configure:4215: result: yes
configure:4170: checking for stdlib.h
configure:4186: gcc -c -g -O2  conftest.c >&5
configure:4192: $? = 0
configure:4195: test -z 			 || test ! -s conftest.err
configure:4198: $? = 0
configure:4201: test -s conftest.o
configure:4204: $? = 0
configure:4215: result: yes
configure:4170: checking for string.h
configure:4186: gcc -c -g -O2  conftest.c >&5
configure:4192: $? = 0
configure:4195: test -z 			 || test ! -s conftest.err
configure:4198: $? = 0
configure:4201: test -s conftest.o
configure:4204: $? = 0
configure:4215: result: yes
configure:4170: checking for memory.h
configure:4186: gcc -c -g -O2  conftest.c >&5
configure:4192: $? = 0
configure:4195: test -z 			 || test ! -s conftest.err
configure:4198: $? = 0
configure:4201: test -s conftest.o
configure:4204: $? = 0
configure:4215: result: yes
configure:4170: checking for strings.h
configure:4186: gcc -c -g -O2  conftest.c >&5
configure:4192: $? = 0
configure:4195: test -z 			 || test ! -s conftest.err
configure:4198: $? = 0
configure:4201: test -s conftest.o
configure:4204: $? = 0
configure:4215: result: yes
configure:4170: checking for inttypes.h
configure:4186: gcc -c -g -O2  conftest.c >&5
configure:4192: $? = 0
configure:4195: test -z 			 || test ! -s conftest.err
configure:4198: $? = 0
configure:4201: test -s conftest.o
configure:4204: $? = 0
configure:4215: result: yes
configure:4170: checking for stdint.h
configure:4186: gcc -c -g -O2  conftest.c >&5
configure:4192: $? = 0
configure:4195: test -z 			 || test ! -s conftest.err
configure:4198: $? = 0
configure:4201: test -s conftest.o
configure:4204: $? = 0
configure:4215: result: yes
configure:4170: checking for unistd.h
configure:4186: gcc -c -g -O2  conftest.c >&5
configure:4192: $? = 0
configure:4195: test -z 			 || test ! -s conftest.err
configure:4198: $? = 0
configure:4201: test -s conftest.o
configure:4204: $? = 0
configure:4215: result: yes
configure:4241: checking dlfcn.h usability
configure:4253: gcc -c -g -O2  conftest.c >&5
configure:4259: $? = 0
configure:4262: test -z 			 || test ! -s conftest.err
configure:4265: $? = 0
configure:4268: test -s conftest.o
configure:4271: $? = 0
configure:4281: result: yes
configure:4285: checking dlfcn.h presence
configure:4295: gcc -E  conftest.c
configure:4301: $? = 0
configure:4321: result: yes
configure:4356: checking for dlfcn.h
configure:4363: result: yes
configure:4428: checking for g++
configure:4444: found /usr/bin/g++
configure:4454: result: g++
configure:4470: checking for C++ compiler version
configure:4473: g++ --version </dev/null >&5
g++ (GCC) 3.3.6 (Debian 1:3.3.6-5)
Copyright (C) 2003 Free Software Foundation, Inc.
This is free software; see the source for copying conditions.  There is NO
warranty; not even for MERCHANTABILITY or FITNESS FOR A PARTICULAR PURPOSE.

configure:4476: $? = 0
configure:4478: g++ -v </dev/null >&5
Reading specs from /usr/lib/gcc-lib/i486-linux/3.3.6/specs
Configured with: ../src/configure -v --enable-languages=c,c++,java,f77,pascal,objc,ada,treelang --prefix=/usr --mandir=/usr/share/man --infodir=/usr/share/info --with-gxx-include-dir=/usr/include/c++/3.3 --enable-shared --enable-__cxa_atexit --with-system-zlib --enable-nls --without-included-gettext --enable-clocale=gnu --enable-debug --enable-java-gc=boehm --enable-java-awt=xlib --enable-objc-gc i486-linux
Thread model: posix
gcc version 3.3.6 (Debian 1:3.3.6-5)
configure:4481: $? = 0
configure:4483: g++ -V </dev/null >&5
g++: `-V' option must have argument
configure:4486: $? = 1
configure:4489: checking whether we are using the GNU C++ compiler
configure:4513: g++ -c   conftest.cc >&5
configure:4519: $? = 0
configure:4522: test -z 			 || test ! -s conftest.err
configure:4525: $? = 0
configure:4528: test -s conftest.o
configure:4531: $? = 0
configure:4544: result: yes
configure:4550: checking whether g++ accepts -g
configure:4571: g++ -c -g  conftest.cc >&5
configure:4577: $? = 0
configure:4580: test -z 			 || test ! -s conftest.err
configure:4583: $? = 0
configure:4586: test -s conftest.o
configure:4589: $? = 0
configure:4600: result: yes
configure:4642: g++ -c -g -O2  conftest.cc >&5
configure:4648: $? = 0
configure:4651: test -z 			 || test ! -s conftest.err
configure:4654: $? = 0
configure:4657: test -s conftest.o
configure:4660: $? = 0
configure:4686: g++ -c -g -O2  conftest.cc >&5
conftest.cc: In function `int main()':
conftest.cc:26: error: `exit' undeclared (first use this function)
conftest.cc:26: error: (Each undeclared identifier is reported only once for 
   each function it appears in.)
configure:4692: $? = 1
configure: failed program was:
| /* confdefs.h.  */
| 
| #define PACKAGE_NAME "sivp"
| #define PACKAGE_TARNAME "sivp"
| #define PACKAGE_VERSION "cvs"
| #define PACKAGE_STRING "sivp cvs"
| #define PACKAGE_BUGREPORT "https://sourceforge.net/tracker/?group_id=134898&atid=731349"
| #define PACKAGE "sivp"
| #define VERSION "cvs"
| #define STDC_HEADERS 1
| #define HAVE_SYS_TYPES_H 1
| #define HAVE_SYS_STAT_H 1
| #define HAVE_STDLIB_H 1
| #define HAVE_STRING_H 1
| #define HAVE_MEMORY_H 1
| #define HAVE_STRINGS_H 1
| #define HAVE_INTTYPES_H 1
| #define HAVE_STDINT_H 1
| #define HAVE_UNISTD_H 1
| #define HAVE_DLFCN_H 1
| /* end confdefs.h.  */
| 
| int
| main ()
| {
| exit (42);
|   ;
|   return 0;
| }
configure:4642: g++ -c -g -O2  conftest.cc >&5
configure:4648: $? = 0
configure:4651: test -z 			 || test ! -s conftest.err
configure:4654: $? = 0
configure:4657: test -s conftest.o
configure:4660: $? = 0
configure:4686: g++ -c -g -O2  conftest.cc >&5
configure:4692: $? = 0
configure:4695: test -z 			 || test ! -s conftest.err
configure:4698: $? = 0
configure:4701: test -s conftest.o
configure:4704: $? = 0
configure:4732: checking how to run the C++ preprocessor
configure:4763: g++ -E  conftest.cc
configure:4769: $? = 0
configure:4801: g++ -E  conftest.cc
conftest.cc:25:28: ac_nonexistent.h: No such file or directory
configure:4807: $? = 1
configure: failed program was:
| /* confdefs.h.  */
| 
| #define PACKAGE_NAME "sivp"
| #define PACKAGE_TARNAME "sivp"
| #define PACKAGE_VERSION "cvs"
| #define PACKAGE_STRING "sivp cvs"
| #define PACKAGE_BUGREPORT "https://sourceforge.net/tracker/?group_id=134898&atid=731349"
| #define PACKAGE "sivp"
| #define VERSION "cvs"
| #define STDC_HEADERS 1
| #define HAVE_SYS_TYPES_H 1
| #define HAVE_SYS_STAT_H 1
| #define HAVE_STDLIB_H 1
| #define HAVE_STRING_H 1
| #define HAVE_MEMORY_H 1
| #define HAVE_STRINGS_H 1
| #define HAVE_INTTYPES_H 1
| #define HAVE_STDINT_H 1
| #define HAVE_UNISTD_H 1
| #define HAVE_DLFCN_H 1
| #ifdef __cplusplus
| extern "C" void std::exit (int) throw (); using std::exit;
| #endif
| /* end confdefs.h.  */
| #include <ac_nonexistent.h>
configure:4846: result: g++ -E
configure:4870: g++ -E  conftest.cc
configure:4876: $? = 0
configure:4908: g++ -E  conftest.cc
conftest.cc:25:28: ac_nonexistent.h: No such file or directory
configure:4914: $? = 1
configure: failed program was:
| /* confdefs.h.  */
| 
| #define PACKAGE_NAME "sivp"
| #define PACKAGE_TARNAME "sivp"
| #define PACKAGE_VERSION "cvs"
| #define PACKAGE_STRING "sivp cvs"
| #define PACKAGE_BUGREPORT "https://sourceforge.net/tracker/?group_id=134898&atid=731349"
| #define PACKAGE "sivp"
| #define VERSION "cvs"
| #define STDC_HEADERS 1
| #define HAVE_SYS_TYPES_H 1
| #define HAVE_SYS_STAT_H 1
| #define HAVE_STDLIB_H 1
| #define HAVE_STRING_H 1
| #define HAVE_MEMORY_H 1
| #define HAVE_STRINGS_H 1
| #define HAVE_INTTYPES_H 1
| #define HAVE_STDINT_H 1
| #define HAVE_UNISTD_H 1
| #define HAVE_DLFCN_H 1
| #ifdef __cplusplus
| extern "C" void std::exit (int) throw (); using std::exit;
| #endif
| /* end confdefs.h.  */
| #include <ac_nonexistent.h>
configure:5009: checking for g77
configure:5025: found /usr/bin/g77
configure:5035: result: g77
configure:5050: checking for Fortran 77 compiler version
configure:5053: g77 --version </dev/null >&5
GNU Fortran (GCC) 3.3.6 (Debian 1:3.3.6-5)
Copyright (C) 2002 Free Software Foundation, Inc.

GNU Fortran comes with NO WARRANTY, to the extent permitted by law.
You may redistribute copies of GNU Fortran
under the terms of the GNU General Public License.
For more information about these matters, see the file named COPYING
or type the command `info -f g77 Copying'.
configure:5056: $? = 0
configure:5058: g77 -v </dev/null >&5
Reading specs from /usr/lib/gcc-lib/i486-linux/3.3.6/specs
Configured with: ../src/configure -v --enable-languages=c,c++,java,f77,pascal,objc,ada,treelang --prefix=/usr --mandir=/usr/share/man --infodir=/usr/share/info --with-gxx-include-dir=/usr/include/c++/3.3 --enable-shared --enable-__cxa_atexit --with-system-zlib --enable-nls --without-included-gettext --enable-clocale=gnu --enable-debug --enable-java-gc=boehm --enable-java-awt=xlib --enable-objc-gc i486-linux
Thread model: posix
gcc version 3.3.6 (Debian 1:3.3.6-5)
configure:5061: $? = 0
configure:5063: g77 -V </dev/null >&5
g77: `-V' option must have argument
configure:5066: $? = 1
configure:5074: checking whether we are using the GNU Fortran 77 compiler
configure:5088: g77 -c  conftest.F >&5
configure:5094: $? = 0
configure:5097: test -z 			 || test ! -s conftest.err
configure:5100: $? = 0
configure:5103: test -s conftest.o
configure:5106: $? = 0
configure:5119: result: yes
configure:5125: checking whether g77 accepts -g
configure:5137: g77 -c -g conftest.f >&5
configure:5143: $? = 0
configure:5146: test -z 			 || test ! -s conftest.err
configure:5149: $? = 0
configure:5152: test -s conftest.o
configure:5155: $? = 0
configure:5167: result: yes
configure:5197: checking the maximum length of command line arguments
configure:5262: result: 32768
configure:5273: checking command to parse /usr/bin/nm -B output from gcc object
configure:5362: gcc -c -g -O2  conftest.c >&5
configure:5365: $? = 0
configure:5369: /usr/bin/nm -B conftest.o \| sed -n -e 's/^.*[ 	]\([ABCDGIRSTW][ABCDGIRSTW]*\)[ 	][ 	]*\(\)\([_A-Za-z][_A-Za-z0-9]*\)$/\1 \2\3 \3/p' \> conftest.nm
configure:5372: $? = 0
configure:5424: gcc -o conftest -g -O2   conftest.c conftstm.o >&5
configure:5427: $? = 0
configure:5465: result: ok
configure:5469: checking for objdir
configure:5484: result: .libs
configure:5574: checking for ar
configure:5590: found /usr/bin/ar
configure:5601: result: ar
configure:5654: checking for ranlib
configure:5670: found /usr/bin/ranlib
configure:5681: result: ranlib
configure:5734: checking for strip
configure:5750: found /usr/bin/strip
configure:5761: result: strip
configure:6023: checking if gcc static flag  works
configure:6046: result: yes
configure:6064: checking if gcc supports -fno-rtti -fno-exceptions
configure:6082: gcc -c -g -O2  -fno-rtti -fno-exceptions conftest.c >&5
cc1: warning: "-fno-rtti" is valid for C++ but not for C/ObjC
configure:6086: $? = 0
configure:6097: result: no
configure:6112: checking for gcc option to produce PIC
configure:6289: result: -fPIC
configure:6297: checking if gcc PIC flag -fPIC works
configure:6315: gcc -c -g -O2  -fPIC -DPIC conftest.c >&5
configure:6319: $? = 0
configure:6330: result: yes
configure:6354: checking if gcc supports -c -o file.o
configure:6375: gcc -c -g -O2  -o out/conftest2.o conftest.c >&5
configure:6379: $? = 0
configure:6399: result: yes
configure:6425: checking whether the gcc linker (/usr/bin/ld) supports shared libraries
configure:7272: result: yes
configure:7298: checking whether -lc should be explicitly linked in
configure:7303: gcc -c -g -O2  conftest.c >&5
configure:7306: $? = 0
configure:7320: gcc -shared conftest.o  -v -Wl,-soname -Wl,conftest -o conftest 2\>\&1 \| grep  -lc  \>/dev/null 2\>\&1
configure:7323: $? = 0
configure:7335: result: no
configure:7343: checking dynamic linker characteristics
configure:7895: result: GNU/Linux ld.so
configure:7899: checking how to hardcode library paths into programs
configure:7924: result: immediate
configure:7938: checking whether stripping libraries is possible
configure:7943: result: yes
configure:8766: checking if libtool supports shared libraries
configure:8768: result: yes
configure:8771: checking whether to build shared libraries
configure:8829: result: yes
configure:8832: checking whether to build static libraries
configure:8836: result: no
configure:8928: creating libtool
configure:9475: checking for ld used by g++
configure:9542: result: /usr/bin/ld
configure:9551: checking if the linker (/usr/bin/ld) is GNU ld
configure:9566: result: yes
configure:9617: checking whether the g++ linker (/usr/bin/ld) supports shared libraries
configure:10443: result: yes
configure:10461: g++ -c -g -O2  conftest.cc >&5
configure:10464: $? = 0
configure:10560: checking for g++ option to produce PIC
configure:10812: result: -fPIC
configure:10820: checking if g++ PIC flag -fPIC works
configure:10838: g++ -c -g -O2  -fPIC -DPIC conftest.cc >&5
configure:10842: $? = 0
configure:10853: result: yes
configure:10877: checking if g++ supports -c -o file.o
configure:10898: g++ -c -g -O2  -o out/conftest2.o conftest.cc >&5
configure:10902: $? = 0
configure:10922: result: yes
configure:10948: checking whether the g++ linker (/usr/bin/ld) supports shared libraries
configure:10976: result: yes
configure:11047: checking dynamic linker characteristics
configure:11599: result: GNU/Linux ld.so
configure:11603: checking how to hardcode library paths into programs
configure:11628: result: immediate
configure:11642: checking whether stripping libraries is possible
configure:11647: result: yes
configure:12947: checking if libtool supports shared libraries
configure:12949: result: yes
configure:12952: checking whether to build shared libraries
configure:12970: result: yes
configure:12973: checking whether to build static libraries
configure:12977: result: no
configure:12989: checking for g77 option to produce PIC
configure:13166: result: -fPIC
configure:13174: checking if g77 PIC flag -fPIC works
configure:13192: g77 -c -g -O2 -fPIC conftest.f >&5
configure:13196: $? = 0
configure:13207: result: yes
configure:13231: checking if g77 supports -c -o file.o
configure:13252: g77 -c -g -O2 -o out/conftest2.o conftest.f >&5
configure:13256: $? = 0
configure:13276: result: yes
configure:13302: checking whether the g77 linker (/usr/bin/ld) supports shared libraries
configure:14129: result: yes
configure:14200: checking dynamic linker characteristics
configure:14752: result: GNU/Linux ld.so
configure:14756: checking how to hardcode library paths into programs
configure:14781: result: immediate
configure:14795: checking whether stripping libraries is possible
configure:14800: result: yes
configure:18917: checking for xsltproc
configure:18933: found /usr/bin/xsltproc
configure:18944: result: yes
configure:19011: checking for scilab
configure:19027: found /usr/bin/scilab
configure:19038: result: yes
configure:19147: checking for pkg-config
configure:19165: found /usr/bin/pkg-config
configure:19177: result: /usr/bin/pkg-config
configure:19192: checking pkg-config is at least version 0.9.0
configure:19195: result: yes
configure:19206: checking for OPENCV_CFLAGS
configure:19214: $PKG_CONFIG --exists "opencv >= 0.9.6" >/dev/null 2>&1
configure:19217: $? = 0
configure:19227: result: -I/usr/local/include/opencv  
configure:19229: checking for OPENCV_LIBS
configure:19237: $PKG_CONFIG --exists "opencv >= 0.9.6" >/dev/null 2>&1
configure:19240: $? = 0
configure:19250: result: -L/usr/local/lib -lcxcore -lcv -lhighgui -lcvaux  
configure:19287: checking ffmpeg/avcodec.h usability
configure:19299: gcc -c -g -O2 -I/usr/local/include/opencv    -I/usr/lib/scilab-3.1-rc1/routines conftest.c >&5
configure:19305: $? = 0
configure:19308: test -z 			 || test ! -s conftest.err
configure:19311: $? = 0
configure:19314: test -s conftest.o
configure:19317: $? = 0
configure:19327: result: yes
configure:19331: checking ffmpeg/avcodec.h presence
configure:19341: gcc -E  -I/usr/lib/scilab-3.1-rc1/routines conftest.c
configure:19347: $? = 0
configure:19367: result: yes
configure:19402: checking for ffmpeg/avcodec.h
configure:19409: result: yes
configure:19414: checking for avcodec_decode_video in -lavcodec
configure:19444: gcc -o conftest -g -O2 -I/usr/local/include/opencv    -I/usr/lib/scilab-3.1-rc1/routines  conftest.c -lavcodec   -L/usr/local/lib -lcxcore -lcv -lhighgui -lcvaux   >&5
configure:19450: $? = 0
configure:19453: test -z 			 || test ! -s conftest.err
configure:19456: $? = 0
configure:19459: test -s conftest
configure:19462: $? = 0
configure:19475: result: yes
configure:19478: checking for av_read_frame in -lavformat
configure:19508: gcc -o conftest -g -O2 -I/usr/local/include/opencv    -I/usr/lib/scilab-3.1-rc1/routines  conftest.c -lavformat -lavcodec  -L/usr/local/lib -lcxcore -lcv -lhighgui -lcvaux   >&5
configure:19514: $? = 0
configure:19517: test -z 			 || test ! -s conftest.err
configure:19520: $? = 0
configure:19523: test -s conftest
configure:19526: $? = 0
configure:19539: result: yes
configure:19558: checking for ANSI C header files
configure:19713: result: yes
configure:19732: checking for string.h
configure:19737: result: yes
configure:19878: checking for an ANSI C-conforming const
configure:19945: gcc -c -g -O2 -I/usr/local/include/opencv    -I/usr/lib/scilab-3.1-rc1/routines conftest.c >&5
configure:19951: $? = 0
configure:19954: test -z 			 || test ! -s conftest.err
configure:19957: $? = 0
configure:19960: test -s conftest.o
configure:19963: $? = 0
configure:19974: result: yes
configure:19984: checking for inline
configure:20005: gcc -c -g -O2 -I/usr/local/include/opencv    -I/usr/lib/scilab-3.1-rc1/routines conftest.c >&5
configure:20011: $? = 0
configure:20014: test -z 			 || test ! -s conftest.err
configure:20017: $? = 0
configure:20020: test -s conftest.o
configure:20023: $? = 0
configure:20035: result: inline
configure:20054: checking for stdbool.h that conforms to C99
configure:20107: gcc -c -g -O2 -I/usr/local/include/opencv    -I/usr/lib/scilab-3.1-rc1/routines conftest.c >&5
configure:20113: $? = 0
configure:20116: test -z 			 || test ! -s conftest.err
configure:20119: $? = 0
configure:20122: test -s conftest.o
configure:20125: $? = 0
configure:20136: result: yes
configure:20138: checking for _Bool
configure:20162: gcc -c -g -O2 -I/usr/local/include/opencv    -I/usr/lib/scilab-3.1-rc1/routines conftest.c >&5
configure:20168: $? = 0
configure:20171: test -z 			 || test ! -s conftest.err
configure:20174: $? = 0
configure:20177: test -s conftest.o
configure:20180: $? = 0
configure:20191: result: yes
configure:20323: creating ./config.status

## ---------------------- ##
## Running config.status. ##
## ---------------------- ##

This file was extended by sivp config.status cvs, which was
generated by GNU Autoconf 2.59.  Invocation command line was

  CONFIG_FILES    = 
  CONFIG_HEADERS  = 
  CONFIG_LINKS    = 
  CONFIG_COMMANDS = 
  $ ./config.status 

on sqyu-linux

config.status:752: creating Makefile
config.status:752: creating src/Makefile
config.status:752: creating loader.sce
config.status:818: creating src/config.h
config.status:934: src/config.h is unchanged
config.status:1092: executing default-1 commands
configure:21544: result:
=====================================================
Configuration:
	CC       = gcc
	CFLAGS   = -g -O2 -I/usr/local/include/opencv  
	CPPFLAGS =  -I/usr/lib/scilab-3.1-rc1/routines
	LDFLAGS  = 
	LIBS     =  -L/usr/local/lib -lcxcore -lcv -lhighgui -lcvaux   -lavcodec -lavformat
	LIBRARY_EXTRA_CPPFLAGS	= 
	LIBRARY_EXTRA_LIBS	= 

	use OpenCV = yes
	use ffmpeg = yes
=====================================================
This toolbox will be installed in /usr/lib/scilab-3.1-rc1/contrib/sivp.


## ---------------- ##
## Cache variables. ##
## ---------------- ##

ac_cv_build=i686-pc-linux-gnu
ac_cv_build_alias=i686-pc-linux-gnu
ac_cv_c_compiler_gnu=yes
ac_cv_c_const=yes
ac_cv_c_inline=inline
ac_cv_cxx_compiler_gnu=yes
ac_cv_env_CC_set=
ac_cv_env_CC_value=
ac_cv_env_CFLAGS_set=
ac_cv_env_CFLAGS_value=
ac_cv_env_CPPFLAGS_set=
ac_cv_env_CPPFLAGS_value=
ac_cv_env_CPP_set=
ac_cv_env_CPP_value=
ac_cv_env_CXXCPP_set=
ac_cv_env_CXXCPP_value=
ac_cv_env_CXXFLAGS_set=
ac_cv_env_CXXFLAGS_value=
ac_cv_env_CXX_set=
ac_cv_env_CXX_value=
ac_cv_env_F77_set=
ac_cv_env_F77_value=
ac_cv_env_FFLAGS_set=
ac_cv_env_FFLAGS_value=
ac_cv_env_LDFLAGS_set=
ac_cv_env_LDFLAGS_value=
ac_cv_env_OPENCV_CFLAGS_set=
ac_cv_env_OPENCV_CFLAGS_value=
ac_cv_env_OPENCV_LIBS_set=
ac_cv_env_OPENCV_LIBS_value=
ac_cv_env_PKG_CONFIG_set=
ac_cv_env_PKG_CONFIG_value=
ac_cv_env_build_alias_set=
ac_cv_env_build_alias_value=
ac_cv_env_host_alias_set=
ac_cv_env_host_alias_value=
ac_cv_env_target_alias_set=
ac_cv_env_target_alias_value=
ac_cv_exeext=
ac_cv_f77_compiler_gnu=yes
ac_cv_header_dlfcn_h=yes
ac_cv_header_ffmpeg_avcodec_h=yes
ac_cv_header_inttypes_h=yes
ac_cv_header_memory_h=yes
ac_cv_header_stdbool_h=yes
ac_cv_header_stdc=yes
ac_cv_header_stdint_h=yes
ac_cv_header_stdlib_h=yes
ac_cv_header_string_h=yes
ac_cv_header_strings_h=yes
ac_cv_header_sys_stat_h=yes
ac_cv_header_sys_types_h=yes
ac_cv_header_unistd_h=yes
ac_cv_host=i686-pc-linux-gnu
ac_cv_host_alias=i686-pc-linux-gnu
ac_cv_lib_avcodec_avcodec_decode_video=yes
ac_cv_lib_avformat_av_read_frame=yes
ac_cv_objext=o
ac_cv_path_ac_pt_PKG_CONFIG=/usr/bin/pkg-config
ac_cv_path_install='/usr/bin/install -c'
ac_cv_prog_CPP='gcc -E'
ac_cv_prog_CXXCPP='g++ -E'
ac_cv_prog_ac_ct_AR=ar
ac_cv_prog_ac_ct_CC=gcc
ac_cv_prog_ac_ct_CXX=g++
ac_cv_prog_ac_ct_F77=g77
ac_cv_prog_ac_ct_RANLIB=ranlib
ac_cv_prog_ac_ct_STRIP=strip
ac_cv_prog_cc_g=yes
ac_cv_prog_cc_stdc=
ac_cv_prog_cxx_g=yes
ac_cv_prog_egrep='grep -E'
ac_cv_prog_f77_g=yes
ac_cv_prog_has_scilab=yes
ac_cv_prog_has_xsltproc=yes
ac_cv_prog_make_make_set=yes
ac_cv_type__Bool=yes
lt_cv_deplibs_check_method=pass_all
lt_cv_file_magic_cmd='$MAGIC_CMD'
lt_cv_file_magic_test_file=
lt_cv_ld_reload_flag=-r
lt_cv_objdir=.libs
lt_cv_path_LD=/usr/bin/ld
lt_cv_path_LDCXX=/usr/bin/ld
lt_cv_path_NM='/usr/bin/nm -B'
lt_cv_path_SED=/bin/sed
lt_cv_prog_compiler_c_o=yes
lt_cv_prog_compiler_c_o_CXX=yes
lt_cv_prog_compiler_c_o_F77=yes
lt_cv_prog_compiler_rtti_exceptions=no
lt_cv_prog_gnu_ld=yes
lt_cv_prog_gnu_ldcxx=yes
lt_cv_sys_global_symbol_pipe='sed -n -e '\''s/^.*[ 	]\([ABCDGIRSTW][ABCDGIRSTW]*\)[ 	][ 	]*\(\)\([_A-Za-z][_A-Za-z0-9]*\)$/\1 \2\3 \3/p'\'''
lt_cv_sys_global_symbol_to_c_name_address='sed -n -e '\''s/^: \([^ ]*\) $/  {\"\1\", (lt_ptr) 0},/p'\'' -e '\''s/^[BCDEGRST] \([^ ]*\) \([^ ]*\)$/  {"\2", (lt_ptr) \&\2},/p'\'''
lt_cv_sys_global_symbol_to_cdecl='sed -n -e '\''s/^. .* \(.*\)$/extern int \1;/p'\'''
lt_cv_sys_max_cmd_len=32768
lt_lt_cv_prog_compiler_c_o='"yes"'
lt_lt_cv_prog_compiler_c_o_CXX='"yes"'
lt_lt_cv_prog_compiler_c_o_F77='"yes"'
lt_lt_cv_sys_global_symbol_pipe='"sed -n -e '\''s/^.*[ 	]\\([ABCDGIRSTW][ABCDGIRSTW]*\\)[ 	][ 	]*\\(\\)\\([_A-Za-z][_A-Za-z0-9]*\\)\$/\\1 \\2\\3 \\3/p'\''"'
lt_lt_cv_sys_global_symbol_to_c_name_address='"sed -n -e '\''s/^: \\([^ ]*\\) \$/  {\\\"\\1\\\", (lt_ptr) 0},/p'\'' -e '\''s/^[BCDEGRST] \\([^ ]*\\) \\([^ ]*\\)\$/  {\"\\2\", (lt_ptr) \\&\\2},/p'\''"'
lt_lt_cv_sys_global_symbol_to_cdecl='"sed -n -e '\''s/^. .* \\(.*\\)\$/extern int \\1;/p'\''"'
pkg_cv_OPENCV_CFLAGS='-I/usr/local/include/opencv  '
pkg_cv_OPENCV_LIBS='-L/usr/local/lib -lcxcore -lcv -lhighgui -lcvaux  '

## ----------------- ##
## Output variables. ##
## ----------------- ##

ACLOCAL='aclocal-1.4'
AR='ar'
AS='as'
AUTOCONF='autoconf'
AUTOHEADER='autoheader'
AUTOMAKE='automake-1.4'
CC='gcc'
CFLAGS='-g -O2 -I/usr/local/include/opencv  '
CPP='gcc -E'
CPPFLAGS=' -I/usr/lib/scilab-3.1-rc1/routines'
CXX='g++'
CXXCPP='g++ -E'
CXXFLAGS='-g -O2'
DEFS='-DHAVE_CONFIG_H'
DLLTOOL='dlltool'
ECHO='echo'
ECHO_C=''
ECHO_N='-n'
ECHO_T=''
EGREP='grep -E'
EXEEXT=''
F77='g77'
FFLAGS='-g -O2'
INSTALL_DATA='${INSTALL} -m 644'
INSTALL_PROGRAM='${INSTALL}'
INSTALL_SCRIPT='${INSTALL}'
LDFLAGS=''
LIBOBJS=''
LIBRARY_EXTRA_CPPFLAGS=''
LIBRARY_EXTRA_LIBS=''
LIBS=' -L/usr/local/lib -lcxcore -lcv -lhighgui -lcvaux   -lavcodec -lavformat'
LIBTOOL='$(SHELL) $(top_builddir)/libtool'
LN_S='ln -s'
LTLIBOBJS=''
MAKEINFO='makeinfo'
OBJDUMP='objdump'
OBJEXT='o'
OPENCV_CFLAGS='-I/usr/local/include/opencv  '
OPENCV_LIBS='-L/usr/local/lib -lcxcore -lcv -lhighgui -lcvaux  '
PACKAGE='sivp'
PACKAGE_BUGREPORT='https://sourceforge.net/tracker/?group_id=134898&atid=731349'
PACKAGE_NAME='sivp'
PACKAGE_STRING='sivp cvs'
PACKAGE_TARNAME='sivp'
PACKAGE_VERSION='cvs'
PATH_SEPARATOR=':'
PKG_CONFIG='/usr/bin/pkg-config'
RANLIB='ranlib'
SCIDIR='/usr/lib/scilab-3.1-rc1'
SET_MAKE=''
SHELL='/bin/sh'
STRIP='strip'
TOOLBOXDIR='/usr/lib/scilab-3.1-rc1/contrib/sivp'
TOOLBOX_FUNCTIONS=''viptest'; 		   '
VERSION='cvs'
ac_ct_AR='ar'
ac_ct_AS=''
ac_ct_CC='gcc'
ac_ct_CXX='g++'
ac_ct_DLLTOOL=''
ac_ct_F77='g77'
ac_ct_OBJDUMP=''
ac_ct_RANLIB='ranlib'
ac_ct_STRIP='strip'
ac_pt_PKG_CONFIG='/usr/bin/pkg-config'
bindir='${exec_prefix}/bin'
build='i686-pc-linux-gnu'
build_alias=''
build_cpu='i686'
build_os='linux-gnu'
build_vendor='pc'
datadir='${prefix}/share'
exec_prefix='${prefix}'
has_sablotron=''
has_scilab='yes'
has_xsltproc='yes'
host='i686-pc-linux-gnu'
host_alias=''
host_cpu='i686'
host_os='linux-gnu'
host_vendor='pc'
includedir='${prefix}/include'
infodir='${prefix}/info'
libdir='${exec_prefix}/lib'
libexecdir='${exec_prefix}/libexec'
localstatedir='${prefix}/var'
mandir='${prefix}/man'
oldincludedir='/usr/include'
prefix='/usr/lib/scilab-3.1-rc1/contrib/sivp'
program_transform_name='s,x,x,'
sbindir='${exec_prefix}/sbin'
sharedstatedir='${prefix}/com'
sysconfdir='${prefix}/etc'
target_alias=''

## ----------- ##
## confdefs.h. ##
## ----------- ##

#define HAVE_DLFCN_H 1
#define HAVE_INTTYPES_H 1
#define HAVE_MEMORY_H 1
#define HAVE_STDBOOL_H 1
#define HAVE_STDINT_H 1
#define HAVE_STDLIB_H 1
#define HAVE_STRINGS_H 1
#define HAVE_STRING_H 1
#define HAVE_STRING_H 1
#define HAVE_SYS_STAT_H 1
#define HAVE_SYS_TYPES_H 1
#define HAVE_UNISTD_H 1
#define HAVE__BOOL 1
#define PACKAGE "sivp"
#define PACKAGE_BUGREPORT "https://sourceforge.net/tracker/?group_id=134898&atid=731349"
#define PACKAGE_NAME "sivp"
#define PACKAGE_STRING "sivp cvs"
#define PACKAGE_TARNAME "sivp"
#define PACKAGE_VERSION "cvs"
#define STDC_HEADERS 1
#define STDC_HEADERS 1
#define VERSION "cvs"
#endif
#ifdef __cplusplus
extern "C" void std::exit (int) throw (); using std::exit;

configure: exit 0
